2021-08-05 15:00:58,195 - [jmscript] - INFO - JMSrcipt started
2021-08-05 15:03:32,852 - [jmscript] - INFO - JMSrcipt started
2021-08-05 15:03:33,175 - [jmscript.detail] - INFO - JMScript_Detail object created
2021-08-05 15:03:33,435 - [jmscript.api] - INFO - Widgets created
2021-08-05 15:06:11,736 - [jmscript] - INFO - JMSrcipt started
2021-08-05 15:06:12,095 - [jmscript.detail] - INFO - JMScript_Detail object created
2021-08-05 15:06:12,376 - [jmscript.api] - INFO - Widgets created
2021-08-05 15:07:37,903 - [jmscript] - INFO - JMSrcipt started
2021-08-05 15:07:38,342 - [jmscript.detail] - INFO - JMScript_Detail object created
2021-08-05 15:07:38,621 - [jmscript.api] - INFO - Widgets created
2021-08-05 15:20:47,943 - [jmscript] - INFO - JMSrcipt started
2021-08-05 15:20:49,570 - [jmscript.detail] - INFO - JMScript_Detail object created
2021-08-05 15:20:49,910 - [jmscript.api] - INFO - Widgets created
2021-08-05 15:23:22,034 - [jmscript] - INFO - JMSrcipt started
2021-08-05 15:23:22,320 - [jmscript.detail] - INFO - JMScript_Detail object created
2021-08-05 15:23:22,557 - [jmscript.api] - INFO - Widgets created
2021-08-05 15:23:40,087 - [jmscript] - INFO - JMSrcipt started
2021-08-05 15:23:40,651 - [jmscript.detail] - INFO - JMScript_Detail object created
2021-08-05 15:23:40,892 - [jmscript.api] - INFO - Widgets created
2021-08-05 15:24:16,763 - [jmscript] - INFO - JMSrcipt started
2021-08-05 15:24:17,399 - [jmscript.detail] - INFO - JMScript_Detail object created
2021-08-05 15:24:17,720 - [jmscript.api] - INFO - Widgets created
2021-08-05 15:28:37,117 - [jmscript] - INFO - JMSrcipt started
2021-08-05 15:28:37,369 - [jmscript.detail] - INFO - JMScript_Detail object created
2021-08-05 15:28:37,582 - [jmscript.api] - INFO - Widgets created
2021-08-05 15:30:25,897 - [jmscript] - INFO - JMSrcipt started
2021-08-05 15:30:26,265 - [jmscript.detail] - INFO - JMScript_Detail object created
2021-08-05 15:30:26,559 - [jmscript.api] - INFO - Widgets created
2021-08-05 15:30:32,589 - [jmscript.detail] - INFO - Dump directory doesn't exist, will be created
2021-08-05 15:30:32,619 - [jmscript.detail] - INFO - JMX-file parsed and loaded, xml-tree created
2021-08-05 15:30:34,733 - [jmscript.detail] - INFO - Working directory C:/Users/Public/work/NT/Projects/Calc_Stat/jmProj_dumps/dump_4talk_main_v8_2_05082021_1 created
2021-08-05 15:30:34,733 - [jmscript.detail] - INFO - Run app log to be moved to C:/Users/Public/work/NT/Projects/Calc_Stat/jmProj_dumps/dump_4talk_main_v8_2_05082021_1/jmscript_detail.log
2021-08-05 15:31:41,965 - [jmscript] - INFO - JMSrcipt started
2021-08-05 15:31:42,570 - [jmscript.detail] - INFO - JMScript_Detail object created
2021-08-05 15:31:42,914 - [jmscript.api] - INFO - Widgets created
2021-08-05 15:31:49,078 - [jmscript.detail] - INFO - JMX-file parsed and loaded, xml-tree created
2021-08-05 15:31:50,468 - [jmscript.detail] - INFO - Working directory C:/Users/Public/work/NT/Projects/Calc_Stat/jmProj_dumps/dump_4talk_main_v8_2_05082021_2 created
2021-08-05 15:31:50,469 - [jmscript.detail] - INFO - Run app log to be moved to C:/Users/Public/work/NT/Projects/Calc_Stat/jmProj_dumps/dump_4talk_main_v8_2_05082021_2/jmscript_detail.log
2021-08-05 15:34:50,984 - [jmscript] - INFO - JMSrcipt started
2021-08-05 15:34:51,457 - [jmscript.detail] - INFO - JMScript_Detail object created
2021-08-05 15:34:51,905 - [jmscript.api] - INFO - Widgets created
2021-08-05 15:34:56,389 - [jmscript.detail] - INFO - JMX-file parsed and loaded, xml-tree created
2021-08-05 15:35:01,260 - [jmscript.detail] - INFO - Working directory C:/Users/Public/work/NT/Projects/Calc_Stat/jmProj_dumps/dump_4talk_main_v8_2_05082021_1 created
2021-08-05 15:35:01,260 - [jmscript.detail] - INFO - Run app log to be moved to C:/Users/Public/work/NT/Projects/Calc_Stat/jmProj_dumps/dump_4talk_main_v8_2_05082021_1/jmscript_detail.log
2021-08-05 15:41:49,550 - [jmscript] - INFO - JMSrcipt started
2021-08-05 15:41:49,992 - [jmscript.detail] - INFO - JMScript_Detail object created
2021-08-05 15:41:50,290 - [jmscript.api] - INFO - Widgets created
2021-08-05 15:41:53,940 - [jmscript.detail] - INFO - JMX-file parsed and loaded, xml-tree created
2021-08-05 15:41:55,073 - [jmscript.detail] - INFO - Working directory C:/Users/Public/work/NT/Projects/Calc_Stat/jmProj_dumps/dump_4talk_main_v8_2_05082021_2 created
2021-08-05 15:41:55,074 - [jmscript.detail] - INFO - Run app log to be moved to C:/Users/Public/work/NT/Projects/Calc_Stat/jmProj_dumps/dump_4talk_main_v8_2_05082021_2/jmscript_detail.log
2021-08-05 15:42:56,160 - [jmscript] - INFO - JMSrcipt started
2021-08-05 15:42:56,559 - [jmscript.detail] - INFO - JMScript_Detail object created
2021-08-05 15:42:56,867 - [jmscript.api] - INFO - Widgets created
2021-08-05 15:43:00,509 - [jmscript.detail] - INFO - JMX-file parsed and loaded, xml-tree created
2021-08-05 15:43:01,158 - [jmscript.detail] - INFO - Working directory C:/Users/Public/work/NT/Projects/Calc_Stat/jmProj_dumps/dump_4talk_main_v8_2_05082021_3 created
2021-08-05 15:43:01,158 - [jmscript.detail] - INFO - Run app log to be moved to C:/Users/Public/work/NT/Projects/Calc_Stat/jmProj_dumps/dump_4talk_main_v8_2_05082021_3/jmscript_detail.log
2021-08-05 15:46:34,809 - [jmscript] - INFO - JMSrcipt started
2021-08-05 15:46:35,128 - [jmscript.detail] - INFO - JMScript_Detail object created
2021-08-05 15:46:35,455 - [jmscript.api] - INFO - Widgets created
2021-08-05 15:46:41,890 - [jmscript.detail] - INFO - JMX-file parsed and loaded, xml-tree created
2021-08-05 15:46:44,320 - [jmscript.detail] - INFO - Working directory C:/Users/Public/work/NT/Projects/Calc_Stat/jmProj_dumps/dump_4talk_main_v8_2_05082021_4 created
2021-08-05 15:46:44,321 - [jmscript.detail] - INFO - Run app log to be moved to C:/Users/Public/work/NT/Projects/Calc_Stat/jmProj_dumps/dump_4talk_main_v8_2_05082021_4/jmscript_detail.log
2021-08-05 15:47:42,078 - [jmscript] - INFO - JMSrcipt started
2021-08-05 15:47:42,460 - [jmscript.detail] - INFO - JMScript_Detail object created
2021-08-05 15:47:42,765 - [jmscript.api] - INFO - Widgets created
2021-08-05 15:49:02,172 - [jmscript] - INFO - JMSrcipt started
2021-08-05 15:49:02,610 - [jmscript.detail] - INFO - JMScript_Detail object created
2021-08-05 15:49:02,858 - [jmscript.api] - INFO - Widgets created
2021-08-05 15:50:31,537 - [jmscript] - INFO - JMSrcipt started
2021-08-05 15:50:31,808 - [jmscript.detail] - INFO - JMScript_Detail object created
2021-08-05 15:50:32,028 - [jmscript.api] - INFO - Widgets created
2021-08-05 15:50:45,402 - [jmscript.detail] - INFO - JMX-file parsed and loaded, xml-tree created
2021-08-05 15:50:46,503 - [jmscript.detail] - INFO - Working directory C:/Users/Public/work/NT/Projects/Calc_Stat/jmProj_dumps/dump_4talk_main_v8_2_05082021_5 created
2021-08-05 15:50:46,504 - [jmscript.detail] - INFO - Run app log to be moved to C:/Users/Public/work/NT/Projects/Calc_Stat/jmProj_dumps/dump_4talk_main_v8_2_05082021_5/jmscript_detail.log
2021-08-05 15:51:00,685 - [jmscript] - INFO - JMSrcipt started
2021-08-05 15:51:01,178 - [jmscript.detail] - INFO - JMScript_Detail object created
2021-08-05 15:51:01,490 - [jmscript.api] - INFO - Widgets created
2021-08-05 15:51:06,562 - [jmscript.detail] - INFO - JMX-file parsed and loaded, xml-tree created
2021-08-05 15:51:10,617 - [jmscript.detail] - INFO - Working directory C:/Users/Public/work/NT/Projects/Calc_Stat/jmProj_dumps/dump_4talk_main_v8_2_05082021_6 created
2021-08-05 15:51:10,618 - [jmscript.detail] - INFO - Run app log to be moved to C:/Users/Public/work/NT/Projects/Calc_Stat/jmProj_dumps/dump_4talk_main_v8_2_05082021_6/jmscript_detail.log
2021-08-05 15:53:00,438 - [jmscript] - INFO - JMSrcipt started
2021-08-05 15:53:00,816 - [jmscript.detail] - INFO - JMScript_Detail object created
2021-08-05 15:53:01,114 - [jmscript.api] - INFO - Widgets created
2021-08-05 15:53:09,648 - [jmscript] - INFO - JMSrcipt started
2021-08-05 15:53:09,905 - [jmscript.detail] - INFO - JMScript_Detail object created
2021-08-05 15:53:10,143 - [jmscript.api] - INFO - Widgets created
2021-08-05 15:53:15,799 - [jmscript.detail] - INFO - JMX-file parsed and loaded, xml-tree created
2021-08-05 15:53:48,477 - [jmscript.detail] - INFO - Working directory C:/Users/Public/work/NT/Projects/Calc_Stat/jmProj_dumps/dump_4talk_main_v8_2_05082021_7 created
2021-08-05 15:53:48,477 - [jmscript.detail] - INFO - Run app log to be moved to C:/Users/Public/work/NT/Projects/Calc_Stat/jmProj_dumps/dump_4talk_main_v8_2_05082021_7/jmscript_detail.log
2021-08-05 17:12:23,009 - [jmscript] - INFO - JMSrcipt started
2021-08-05 17:12:23,540 - [jmscript.detail] - INFO - JMScript_Detail object created
2021-08-05 17:12:23,820 - [jmscript.api] - INFO - Widgets created
2021-08-05 17:12:27,550 - [jmscript.detail] - INFO - JMX-file parsed and loaded, xml-tree created
2021-08-05 17:12:28,873 - [jmscript.detail] - INFO - Working directory C:/Users/Public/work/NT/Projects/Calc_Stat/jmProj_dumps/dump_4talk_main_v8_2_05082021_8 created
2021-08-05 17:12:28,873 - [jmscript.detail] - INFO - Run app log to be moved to C:/Users/Public/work/NT/Projects/Calc_Stat/jmProj_dumps/dump_4talk_main_v8_2_05082021_8/jmscript_detail.log
2021-08-05 17:14:32,665 - [jmscript] - INFO - JMSrcipt started
2021-08-05 17:14:32,963 - [jmscript.detail] - INFO - JMScript_Detail object created
2021-08-05 17:14:33,214 - [jmscript.api] - INFO - Widgets created
2021-08-05 17:14:38,910 - [jmscript.detail] - INFO - JMX-file parsed and loaded, xml-tree created
2021-08-05 17:15:12,891 - [jmscript.detail] - INFO - Working directory C:/Users/Public/work/NT/Projects/Calc_Stat/jmProj_dumps/dump_4talk_main_v8_2_05082021_9 created
2021-08-05 17:15:12,891 - [jmscript.detail] - INFO - Run app log to be moved to C:/Users/Public/work/NT/Projects/Calc_Stat/jmProj_dumps/dump_4talk_main_v8_2_05082021_9/jmscript_detail.log
2021-08-05 17:17:32,507 - [jmscript] - INFO - JMSrcipt started
2021-08-05 17:17:32,808 - [jmscript.detail] - INFO - JMScript_Detail object created
2021-08-05 17:17:33,016 - [jmscript.api] - INFO - Widgets created
2021-08-05 17:20:22,577 - [jmscript.detail] - INFO - JMX-file parsed and loaded, xml-tree created
2021-08-05 17:20:32,769 - [jmscript.detail] - INFO - Working directory C:/Users/Public/work/NT/Projects/Calc_Stat/jmProj_dumps/dump_4talk_main_v8_2_05082021_10 created
2021-08-05 17:20:32,770 - [jmscript.detail] - INFO - Run app log to be moved to C:/Users/Public/work/NT/Projects/Calc_Stat/jmProj_dumps/dump_4talk_main_v8_2_05082021_10/jmscript_detail.log
2021-08-05 17:29:01,102 - [jmscript] - INFO - JMSrcipt started
2021-08-05 17:29:01,390 - [jmscript.detail] - INFO - JMScript_Detail object created
2021-08-05 17:29:01,590 - [jmscript.api] - INFO - Widgets created
2021-08-05 17:29:07,964 - [jmscript.detail] - INFO - JMX-file parsed and loaded, xml-tree created
2021-08-05 17:29:11,105 - [jmscript.detail] - INFO - Working directory C:/Users/Public/work/NT/Projects/Calc_Stat/jmProj_dumps/dump_4talk_main_v8_2_05082021_11 created
2021-08-05 17:29:11,106 - [jmscript.detail] - INFO - Run app log to be moved to C:/Users/Public/work/NT/Projects/Calc_Stat/jmProj_dumps/dump_4talk_main_v8_2_05082021_11/jmscript_detail.log
2021-08-05 17:50:50,634 - [jmscript] - INFO - JMSrcipt started
2021-08-05 17:50:51,010 - [jmscript.detail] - INFO - JMScript_Detail object created
2021-08-05 17:50:51,225 - [jmscript.api] - INFO - Widgets created
2021-08-05 17:50:57,247 - [jmscript.detail] - INFO - JMX-file parsed and loaded, xml-tree created
2021-08-05 17:51:02,082 - [jmscript.detail] - INFO - Working directory C:/Users/Public/work/NT/Projects/Calc_Stat/jmProj_dumps/dump_4talk_main_v8_2_05082021_12 created
2021-08-05 17:51:02,082 - [jmscript.detail] - INFO - Run app log to be moved to C:/Users/Public/work/NT/Projects/Calc_Stat/jmProj_dumps/dump_4talk_main_v8_2_05082021_12/jmscript_detail.log
2021-08-05 17:54:47,350 - [jmscript] - INFO - JMSrcipt started
2021-08-05 17:54:47,634 - [jmscript.detail] - INFO - JMScript_Detail object created
2021-08-05 17:54:47,867 - [jmscript.api] - INFO - Widgets created
2021-08-05 17:54:57,443 - [jmscript.detail] - INFO - JMX-file parsed and loaded, xml-tree created
2021-08-05 17:55:00,589 - [jmscript.detail] - INFO - Working directory C:/Users/Public/work/NT/Projects/Calc_Stat/jmProj_dumps/dump_4talk_main_v8_2_05082021_13 created
2021-08-05 17:55:00,589 - [jmscript.detail] - INFO - Run app log to be moved to C:/Users/Public/work/NT/Projects/Calc_Stat/jmProj_dumps/dump_4talk_main_v8_2_05082021_13/jmscript_detail.log
2021-08-05 18:02:59,107 - [jmscript] - INFO - JMSrcipt started
2021-08-05 18:02:59,348 - [jmscript.detail] - INFO - JMScript_Detail object created
2021-08-05 18:02:59,550 - [jmscript.api] - INFO - Widgets created
2021-08-05 18:03:05,237 - [jmscript.detail] - INFO - JMX-file parsed and loaded, xml-tree created
2021-08-05 18:03:09,016 - [jmscript.detail] - INFO - Working directory C:/Users/Public/work/NT/Projects/Calc_Stat/jmProj_dumps/dump_4talk_main_v8_2_05082021_14 created
2021-08-05 18:03:09,016 - [jmscript.detail] - INFO - Run app log to be moved to C:/Users/Public/work/NT/Projects/Calc_Stat/jmProj_dumps/dump_4talk_main_v8_2_05082021_14/jmscript_detail.log
2021-08-05 18:06:50,643 - [jmscript] - INFO - JMSrcipt started
2021-08-05 18:06:51,096 - [jmscript.detail] - INFO - JMScript_Detail object created
2021-08-05 18:06:51,295 - [jmscript.api] - INFO - Widgets created
2021-08-05 18:06:58,211 - [jmscript.detail] - INFO - JMX-file parsed and loaded, xml-tree created
2021-08-05 18:07:02,528 - [jmscript.detail] - INFO - Working directory C:/Users/Public/work/NT/Projects/Calc_Stat/jmProj_dumps/dump_4talk_main_v8_2_05082021_15 created
2021-08-05 18:07:02,529 - [jmscript.detail] - INFO - Run app log to be moved to C:/Users/Public/work/NT/Projects/Calc_Stat/jmProj_dumps/dump_4talk_main_v8_2_05082021_15/jmscript_detail.log
2021-08-05 18:09:22,874 - [jmscript] - INFO - JMSrcipt started
2021-08-05 18:09:23,094 - [jmscript.detail] - INFO - JMScript_Detail object created
2021-08-05 18:09:23,281 - [jmscript.api] - INFO - Widgets created
2021-08-05 18:09:26,459 - [jmscript.detail] - INFO - JMX-file parsed and loaded, xml-tree created
2021-08-05 18:09:27,178 - [jmscript.detail] - INFO - Working directory C:/Users/Public/work/NT/Projects/Calc_Stat/jmProj_dumps/dump_4talk_main_v8_2_05082021_16 created
2021-08-05 18:09:27,178 - [jmscript.detail] - INFO - Run app log to be moved to C:/Users/Public/work/NT/Projects/Calc_Stat/jmProj_dumps/dump_4talk_main_v8_2_05082021_16/jmscript_detail.log
2021-08-05 18:10:14,930 - [jmscript] - INFO - JMSrcipt started
2021-08-05 18:10:15,316 - [jmscript.detail] - INFO - JMScript_Detail object created
2021-08-05 18:10:15,519 - [jmscript.api] - INFO - Widgets created
2021-08-05 18:10:18,792 - [jmscript.detail] - INFO - JMX-file parsed and loaded, xml-tree created
2021-08-05 18:10:20,056 - [jmscript.detail] - INFO - Working directory C:/Users/Public/work/NT/Projects/Calc_Stat/jmProj_dumps/dump_4talk_main_v8_2_05082021_17 created
2021-08-05 18:10:20,056 - [jmscript.detail] - INFO - Run app log to be moved to C:/Users/Public/work/NT/Projects/Calc_Stat/jmProj_dumps/dump_4talk_main_v8_2_05082021_17/jmscript_detail.log
2021-08-05 18:10:59,488 - [jmscript] - INFO - JMSrcipt started
2021-08-05 18:10:59,766 - [jmscript.detail] - INFO - JMScript_Detail object created
2021-08-05 18:10:59,996 - [jmscript.api] - INFO - Widgets created
2021-08-05 18:11:03,486 - [jmscript.detail] - INFO - JMX-file parsed and loaded, xml-tree created
2021-08-05 18:11:06,032 - [jmscript.detail] - INFO - Working directory C:/Users/Public/work/NT/Projects/Calc_Stat/jmProj_dumps/dump_4talk_main_v8_2_05082021_18 created
2021-08-05 18:11:06,033 - [jmscript.detail] - INFO - Run app log to be moved to C:/Users/Public/work/NT/Projects/Calc_Stat/jmProj_dumps/dump_4talk_main_v8_2_05082021_18/jmscript_detail.log
2021-08-05 18:12:47,817 - [jmscript] - INFO - JMSrcipt started
2021-08-05 18:12:48,095 - [jmscript.detail] - INFO - JMScript_Detail object created
2021-08-05 18:12:48,346 - [jmscript.api] - INFO - Widgets created
2021-08-05 18:12:51,628 - [jmscript.detail] - INFO - JMX-file parsed and loaded, xml-tree created
2021-08-05 18:13:08,161 - [jmscript.detail] - INFO - Working directory C:/Users/Public/work/NT/Projects/Calc_Stat/jmProj_dumps/dump_4talk_main_v8_2_05082021_19 created
2021-08-05 18:13:08,162 - [jmscript.detail] - INFO - Run app log to be moved to C:/Users/Public/work/NT/Projects/Calc_Stat/jmProj_dumps/dump_4talk_main_v8_2_05082021_19/jmscript_detail.log
2021-08-05 18:17:03,893 - [jmscript] - INFO - JMSrcipt started
2021-08-05 18:17:04,119 - [jmscript.detail] - INFO - JMScript_Detail object created
2021-08-05 18:17:04,331 - [jmscript.api] - INFO - Widgets created
2021-08-05 18:17:11,491 - [jmscript.detail] - INFO - JMX-file parsed and loaded, xml-tree created
2021-08-05 18:17:13,232 - [jmscript.detail] - INFO - Working directory C:/Users/Public/work/NT/Projects/Calc_Stat/jmProj_dumps/dump_4talk_main_v8_2_05082021_20 created
2021-08-05 18:17:13,232 - [jmscript.detail] - INFO - Run app log to be moved to C:/Users/Public/work/NT/Projects/Calc_Stat/jmProj_dumps/dump_4talk_main_v8_2_05082021_20/jmscript_detail.log
2021-08-05 18:19:39,222 - [jmscript] - INFO - JMSrcipt started
2021-08-05 18:19:39,509 - [jmscript.detail] - INFO - JMScript_Detail object created
2021-08-05 18:19:39,776 - [jmscript.api] - INFO - Widgets created
2021-08-05 18:19:43,353 - [jmscript.detail] - INFO - JMX-file parsed and loaded, xml-tree created
2021-08-05 18:19:45,031 - [jmscript.detail] - INFO - Working directory C:/Users/Public/work/NT/Projects/Calc_Stat/jmProj_dumps/dump_4talk_main_v8_2_05082021_21 created
2021-08-05 18:19:45,032 - [jmscript.detail] - INFO - Run app log to be moved to C:/Users/Public/work/NT/Projects/Calc_Stat/jmProj_dumps/dump_4talk_main_v8_2_05082021_21/jmscript_detail.log
2021-08-05 18:23:13,475 - [jmscript] - INFO - JMSrcipt started
2021-08-05 18:23:13,695 - [jmscript.detail] - INFO - JMScript_Detail object created
2021-08-05 18:23:13,912 - [jmscript.api] - INFO - Widgets created
2021-08-05 18:23:17,695 - [jmscript.detail] - INFO - JMX-file parsed and loaded, xml-tree created
2021-08-05 18:23:20,718 - [jmscript.detail] - INFO - Working directory C:/Users/Public/work/NT/Projects/Calc_Stat/jmProj_dumps/dump_4talk_main_v8_2_05082021_22 created
2021-08-05 18:23:20,718 - [jmscript.detail] - INFO - Run app log to be moved to C:/Users/Public/work/NT/Projects/Calc_Stat/jmProj_dumps/dump_4talk_main_v8_2_05082021_22/jmscript_detail.log
2021-08-05 18:26:34,294 - [jmscript] - INFO - JMSrcipt started
2021-08-05 18:26:34,535 - [jmscript.detail] - INFO - JMScript_Detail object created
2021-08-05 18:26:34,753 - [jmscript.api] - INFO - Widgets created
2021-08-05 18:26:42,022 - [jmscript.detail] - INFO - JMX-file parsed and loaded, xml-tree created
2021-08-05 18:26:44,029 - [jmscript.detail] - INFO - Working directory C:/Users/Public/work/NT/Projects/Calc_Stat/jmProj_dumps/dump_4talk_main_v8_2_05082021_23 created
2021-08-05 18:26:44,029 - [jmscript.detail] - INFO - Run app log to be moved to C:/Users/Public/work/NT/Projects/Calc_Stat/jmProj_dumps/dump_4talk_main_v8_2_05082021_23/jmscript_detail.log
2021-08-05 18:28:25,299 - [jmscript] - INFO - JMSrcipt started
2021-08-05 18:28:25,520 - [jmscript.detail] - INFO - JMScript_Detail object created
2021-08-05 18:28:25,718 - [jmscript.api] - INFO - Widgets created
2021-08-05 18:28:29,513 - [jmscript.detail] - INFO - JMX-file parsed and loaded, xml-tree created
2021-08-05 18:28:31,237 - [jmscript.detail] - INFO - Working directory C:/Users/Public/work/NT/Projects/Calc_Stat/jmProj_dumps/dump_4talk_main_v8_2_05082021_24 created
2021-08-05 18:28:31,237 - [jmscript.detail] - INFO - Run app log to be moved to C:/Users/Public/work/NT/Projects/Calc_Stat/jmProj_dumps/dump_4talk_main_v8_2_05082021_24/jmscript_detail.log
2021-08-05 18:30:29,839 - [jmscript] - INFO - JMSrcipt started
2021-08-05 18:30:30,129 - [jmscript.detail] - INFO - JMScript_Detail object created
2021-08-05 18:30:30,693 - [jmscript.api] - INFO - Widgets created
2021-08-05 18:30:33,826 - [jmscript.detail] - INFO - JMX-file parsed and loaded, xml-tree created
2021-08-05 18:30:35,211 - [jmscript.detail] - INFO - Working directory C:/Users/Public/work/NT/Projects/Calc_Stat/jmProj_dumps/dump_4talk_main_v8_2_05082021_25 created
2021-08-05 18:30:35,212 - [jmscript.detail] - INFO - Run app log to be moved to C:/Users/Public/work/NT/Projects/Calc_Stat/jmProj_dumps/dump_4talk_main_v8_2_05082021_25/jmscript_detail.log
2021-08-05 18:30:53,336 - [jmscript] - INFO - JMSrcipt started
2021-08-05 18:30:53,547 - [jmscript.detail] - INFO - JMScript_Detail object created
2021-08-05 18:30:53,734 - [jmscript.api] - INFO - Widgets created
2021-08-05 18:30:58,845 - [jmscript.detail] - INFO - JMX-file parsed and loaded, xml-tree created
2021-08-05 18:31:00,116 - [jmscript.detail] - INFO - Working directory C:/Users/Public/work/NT/Projects/Calc_Stat/jmProj_dumps/dump_4talk_main_v8_2_05082021_26 created
2021-08-05 18:31:00,117 - [jmscript.detail] - INFO - Run app log to be moved to C:/Users/Public/work/NT/Projects/Calc_Stat/jmProj_dumps/dump_4talk_main_v8_2_05082021_26/jmscript_detail.log
2021-08-05 18:33:07,984 - [jmscript] - INFO - JMSrcipt started
2021-08-05 18:33:08,223 - [jmscript.detail] - INFO - JMScript_Detail object created
2021-08-05 18:33:08,431 - [jmscript.api] - INFO - Widgets created
2021-08-05 18:33:12,262 - [jmscript.detail] - INFO - JMX-file parsed and loaded, xml-tree created
2021-08-05 18:33:16,563 - [jmscript.detail] - INFO - Working directory C:/Users/Public/work/NT/Projects/Calc_Stat/jmProj_dumps/dump_4talk_main_v8_2_05082021_27 created
2021-08-05 18:33:16,563 - [jmscript.detail] - INFO - Run app log to be moved to C:/Users/Public/work/NT/Projects/Calc_Stat/jmProj_dumps/dump_4talk_main_v8_2_05082021_27/jmscript_detail.log
2021-08-05 18:49:27,262 - [jmscript] - INFO - JMSrcipt started
2021-08-05 18:49:27,511 - [jmscript.detail] - INFO - JMScript_Detail object created
2021-08-05 18:49:27,724 - [jmscript.api] - INFO - Widgets created
2021-08-05 18:49:35,003 - [jmscript] - INFO - JMSrcipt started
2021-08-05 18:49:35,241 - [jmscript.detail] - INFO - JMScript_Detail object created
2021-08-05 18:49:35,443 - [jmscript.api] - INFO - Widgets created
2021-08-05 18:49:39,964 - [jmscript.detail] - INFO - JMX-file parsed and loaded, xml-tree created
2021-08-05 18:49:41,599 - [jmscript.detail] - INFO - Working directory C:/Users/Public/work/NT/Projects/Calc_Stat/jmProj_dumps/dump_4talk_main_v8_2_05082021_28 created
2021-08-05 18:49:41,599 - [jmscript.detail] - INFO - Run app log to be moved to C:/Users/Public/work/NT/Projects/Calc_Stat/jmProj_dumps/dump_4talk_main_v8_2_05082021_28/jmscript_detail.log
2021-08-05 18:59:10,363 - [jmscript] - INFO - JMSrcipt started
2021-08-05 18:59:10,891 - [jmscript.detail] - INFO - JMScript_Detail object created
2021-08-05 18:59:11,193 - [jmscript.api] - INFO - Widgets created
2021-08-05 18:59:15,434 - [jmscript.detail] - INFO - JMX-file parsed and loaded, xml-tree created
2021-08-05 18:59:16,227 - [jmscript.detail] - INFO - Working directory C:/Users/Public/work/NT/Projects/Calc_Stat/jmProj_dumps/dump_4talk_main_v8_2_05082021_29 created
2021-08-05 18:59:16,227 - [jmscript.detail] - INFO - Run app log to be moved to C:/Users/Public/work/NT/Projects/Calc_Stat/jmProj_dumps/dump_4talk_main_v8_2_05082021_29/jmscript_detail.log
2021-08-05 19:01:38,089 - [jmscript] - INFO - JMSrcipt started
2021-08-05 19:01:38,610 - [jmscript.detail] - INFO - JMScript_Detail object created
2021-08-05 19:01:38,883 - [jmscript.api] - INFO - Widgets created
2021-08-05 19:01:42,219 - [jmscript.detail] - INFO - JMX-file parsed and loaded, xml-tree created
2021-08-05 19:01:43,227 - [jmscript.detail] - INFO - Working directory C:/Users/Public/work/NT/Projects/Calc_Stat/jmProj_dumps/dump_4talk_main_v8_2_05082021_30 created
2021-08-05 19:01:43,227 - [jmscript.detail] - INFO - Run app log to be moved to C:/Users/Public/work/NT/Projects/Calc_Stat/jmProj_dumps/dump_4talk_main_v8_2_05082021_30/jmscript_detail.log
2021-08-05 19:05:01,632 - [jmscript] - INFO - JMSrcipt started
2021-08-05 19:05:02,092 - [jmscript.detail] - INFO - JMScript_Detail object created
2021-08-05 19:05:02,352 - [jmscript.api] - INFO - Widgets created
2021-08-05 19:05:18,355 - [jmscript] - INFO - JMSrcipt started
2021-08-05 19:05:18,646 - [jmscript.detail] - INFO - JMScript_Detail object created
2021-08-05 19:05:18,892 - [jmscript.api] - INFO - Widgets created
2021-08-05 19:05:22,104 - [jmscript.detail] - INFO - JMX-file parsed and loaded, xml-tree created
2021-08-05 19:05:22,986 - [jmscript.detail] - INFO - Working directory C:/Users/Public/work/NT/Projects/Calc_Stat/jmProj_dumps/dump_4talk_main_v8_2_05082021_31 created
2021-08-05 19:05:22,986 - [jmscript.detail] - INFO - Run app log to be moved to C:/Users/Public/work/NT/Projects/Calc_Stat/jmProj_dumps/dump_4talk_main_v8_2_05082021_31/jmscript_detail.log
2021-08-05 19:07:55,037 - [jmscript] - INFO - JMSrcipt started
2021-08-05 19:07:55,263 - [jmscript.detail] - INFO - JMScript_Detail object created
2021-08-05 19:07:55,476 - [jmscript.api] - INFO - Widgets created
2021-08-05 19:07:58,945 - [jmscript.detail] - INFO - JMX-file parsed and loaded, xml-tree created
2021-08-05 19:08:01,241 - [jmscript.detail] - INFO - Working directory C:/Users/Public/work/NT/Projects/Calc_Stat/jmProj_dumps/dump_4talk_main_v8_2_05082021_32 created
2021-08-05 19:08:01,242 - [jmscript.detail] - INFO - Run app log to be moved to C:/Users/Public/work/NT/Projects/Calc_Stat/jmProj_dumps/dump_4talk_main_v8_2_05082021_32/jmscript_detail.log
2021-08-06 10:43:00,524 - [jmscript] - INFO - JMSrcipt started
2021-08-06 10:43:01,448 - [jmscript.detail] - INFO - JMScript_Detail object created
2021-08-06 10:43:01,699 - [jmscript.api] - INFO - Widgets created
2021-08-06 10:43:06,032 - [jmscript.detail] - INFO - JMX-file parsed and loaded, xml-tree created
2021-08-06 10:43:08,103 - [jmscript.detail] - INFO - Working directory C:/Users/Public/work/NT/Projects/Calc_Stat/jmProj_dumps/dump_4talk_main_v8_2_06082021_1 created
2021-08-06 10:43:08,103 - [jmscript.detail] - INFO - Run app log to be moved to C:/Users/Public/work/NT/Projects/Calc_Stat/jmProj_dumps/dump_4talk_main_v8_2_06082021_1/jmscript_detail.log
2021-08-06 10:46:14,223 - [jmscript] - INFO - JMSrcipt started
2021-08-06 10:46:14,785 - [jmscript.detail] - INFO - JMScript_Detail object created
2021-08-06 10:46:15,097 - [jmscript.api] - INFO - Widgets created
2021-08-06 10:46:18,596 - [jmscript.detail] - INFO - JMX-file parsed and loaded, xml-tree created
2021-08-06 10:46:24,485 - [jmscript.detail] - INFO - Working directory C:/Users/Public/work/NT/Projects/Calc_Stat/jmProj_dumps/dump_4talk_main_v8_2_06082021_2 created
2021-08-06 10:46:24,486 - [jmscript.detail] - INFO - Run app log to be moved to C:/Users/Public/work/NT/Projects/Calc_Stat/jmProj_dumps/dump_4talk_main_v8_2_06082021_2/jmscript_detail.log
2021-08-06 10:49:03,091 - [jmscript] - INFO - JMSrcipt started
2021-08-06 10:49:03,525 - [jmscript.detail] - INFO - JMScript_Detail object created
2021-08-06 10:49:03,765 - [jmscript.api] - INFO - Widgets created
2021-08-06 10:49:11,046 - [jmscript] - INFO - JMSrcipt started
2021-08-06 10:49:11,575 - [jmscript.detail] - INFO - JMScript_Detail object created
2021-08-06 10:49:11,812 - [jmscript.api] - INFO - Widgets created
2021-08-06 10:49:15,075 - [jmscript.detail] - INFO - JMX-file parsed and loaded, xml-tree created
2021-08-06 10:49:15,684 - [jmscript.detail] - INFO - Working directory C:/Users/Public/work/NT/Projects/Calc_Stat/jmProj_dumps/dump_4talk_main_v8_2_06082021_3 created
2021-08-06 10:49:15,684 - [jmscript.detail] - INFO - Run app log to be moved to C:/Users/Public/work/NT/Projects/Calc_Stat/jmProj_dumps/dump_4talk_main_v8_2_06082021_3/jmscript_detail.log
2021-08-06 10:49:51,997 - [jmscript] - INFO - JMSrcipt started
2021-08-06 10:49:52,563 - [jmscript.detail] - INFO - JMScript_Detail object created
2021-08-06 10:49:52,806 - [jmscript.api] - INFO - Widgets created
2021-08-06 10:49:55,529 - [jmscript.detail] - INFO - JMX-file parsed and loaded, xml-tree created
2021-08-06 10:49:56,165 - [jmscript.detail] - INFO - Working directory C:/Users/Public/work/NT/Projects/Calc_Stat/jmProj_dumps/dump_4talk_main_v8_2_06082021_4 created
2021-08-06 10:49:56,165 - [jmscript.detail] - INFO - Run app log to be moved to C:/Users/Public/work/NT/Projects/Calc_Stat/jmProj_dumps/dump_4talk_main_v8_2_06082021_4/jmscript_detail.log
2021-08-06 10:51:14,159 - [jmscript] - INFO - JMSrcipt started
2021-08-06 10:51:14,371 - [jmscript.detail] - INFO - JMScript_Detail object created
2021-08-06 10:51:14,556 - [jmscript.api] - INFO - Widgets created
2021-08-06 10:51:49,510 - [jmscript.detail] - INFO - JMX-file parsed and loaded, xml-tree created
2021-08-06 10:51:50,435 - [jmscript.detail] - INFO - Working directory C:/Users/Public/work/NT/Projects/Calc_Stat/jmProj_dumps/dump_4talk_main_v8_2_06082021_5 created
2021-08-06 10:51:50,436 - [jmscript.detail] - INFO - Run app log to be moved to C:/Users/Public/work/NT/Projects/Calc_Stat/jmProj_dumps/dump_4talk_main_v8_2_06082021_5/jmscript_detail.log
2021-08-06 10:52:37,802 - [jmscript] - INFO - JMSrcipt started
2021-08-06 10:52:38,010 - [jmscript.detail] - INFO - JMScript_Detail object created
2021-08-06 10:52:38,203 - [jmscript.api] - INFO - Widgets created
2021-08-06 10:52:43,117 - [jmscript.detail] - INFO - JMX-file parsed and loaded, xml-tree created
2021-08-06 10:52:44,115 - [jmscript.detail] - INFO - Working directory C:/Users/Public/work/NT/Projects/Calc_Stat/jmProj_dumps/dump_4talk_main_v8_2_06082021_6 created
2021-08-06 10:52:44,115 - [jmscript.detail] - INFO - Run app log to be moved to C:/Users/Public/work/NT/Projects/Calc_Stat/jmProj_dumps/dump_4talk_main_v8_2_06082021_6/jmscript_detail.log
2021-08-06 10:55:03,952 - [jmscript] - INFO - JMSrcipt started
2021-08-06 10:55:04,571 - [jmscript.detail] - INFO - JMScript_Detail object created
2021-08-06 10:55:04,883 - [jmscript.api] - INFO - Widgets created
2021-08-06 10:55:21,205 - [jmscript] - INFO - JMSrcipt started
2021-08-06 10:55:21,673 - [jmscript.detail] - INFO - JMScript_Detail object created
2021-08-06 10:55:21,886 - [jmscript.api] - INFO - Widgets created
2021-08-06 10:55:25,532 - [jmscript.detail] - INFO - JMX-file parsed and loaded, xml-tree created
2021-08-06 10:55:27,290 - [jmscript.detail] - INFO - Working directory C:/Users/Public/work/NT/Projects/Calc_Stat/jmProj_dumps/dump_4talk_main_v8_2_06082021_7 created
2021-08-06 10:55:27,290 - [jmscript.detail] - INFO - Run app log to be moved to C:/Users/Public/work/NT/Projects/Calc_Stat/jmProj_dumps/dump_4talk_main_v8_2_06082021_7/jmscript_detail.log
2021-08-06 10:57:29,367 - [jmscript] - INFO - JMSrcipt started
2021-08-06 10:57:29,574 - [jmscript.detail] - INFO - JMScript_Detail object created
2021-08-06 10:57:29,772 - [jmscript.api] - INFO - Widgets created
2021-08-06 10:57:34,820 - [jmscript.detail] - INFO - JMX-file parsed and loaded, xml-tree created
2021-08-06 10:57:36,074 - [jmscript.detail] - INFO - Working directory C:/Users/Public/work/NT/Projects/Calc_Stat/jmProj_dumps/dump_4talk_main_v8_2_06082021_8 created
2021-08-06 10:57:36,074 - [jmscript.detail] - INFO - Run app log to be moved to C:/Users/Public/work/NT/Projects/Calc_Stat/jmProj_dumps/dump_4talk_main_v8_2_06082021_8/jmscript_detail.log
2021-08-06 10:59:41,384 - [jmscript] - INFO - JMSrcipt started
2021-08-06 10:59:41,907 - [jmscript.detail] - INFO - JMScript_Detail object created
2021-08-06 10:59:42,119 - [jmscript.api] - INFO - Widgets created
2021-08-06 10:59:45,524 - [jmscript.detail] - INFO - JMX-file parsed and loaded, xml-tree created
2021-08-06 10:59:46,209 - [jmscript.detail] - INFO - Working directory C:/Users/Public/work/NT/Projects/Calc_Stat/jmProj_dumps/dump_4talk_main_v8_2_06082021_9 created
2021-08-06 10:59:46,209 - [jmscript.detail] - INFO - Run app log to be moved to C:/Users/Public/work/NT/Projects/Calc_Stat/jmProj_dumps/dump_4talk_main_v8_2_06082021_9/jmscript_detail.log
2021-08-06 11:00:32,459 - [jmscript] - INFO - JMSrcipt started
2021-08-06 11:00:33,178 - [jmscript.detail] - INFO - JMScript_Detail object created
2021-08-06 11:00:33,493 - [jmscript.api] - INFO - Widgets created
2021-08-06 11:00:36,584 - [jmscript.detail] - INFO - JMX-file parsed and loaded, xml-tree created
2021-08-06 11:00:37,497 - [jmscript.detail] - INFO - Working directory C:/Users/Public/work/NT/Projects/Calc_Stat/jmProj_dumps/dump_4talk_main_v8_2_06082021_10 created
2021-08-06 11:00:37,497 - [jmscript.detail] - INFO - Run app log to be moved to C:/Users/Public/work/NT/Projects/Calc_Stat/jmProj_dumps/dump_4talk_main_v8_2_06082021_10/jmscript_detail.log
2021-08-06 11:03:02,902 - [jmscript] - INFO - JMSrcipt started
2021-08-06 11:03:03,353 - [jmscript.detail] - INFO - JMScript_Detail object created
2021-08-06 11:03:03,667 - [jmscript.api] - INFO - Widgets created
2021-08-06 11:03:09,449 - [jmscript.detail] - INFO - JMX-file parsed and loaded, xml-tree created
2021-08-06 11:03:11,712 - [jmscript.detail] - INFO - Working directory C:/Users/Public/work/NT/Projects/Calc_Stat/jmProj_dumps/dump_4talk_main_v8_2_06082021_11 created
2021-08-06 11:03:11,712 - [jmscript.detail] - INFO - Run app log to be moved to C:/Users/Public/work/NT/Projects/Calc_Stat/jmProj_dumps/dump_4talk_main_v8_2_06082021_11/jmscript_detail.log
2021-08-06 11:03:49,999 - [jmscript] - INFO - JMSrcipt started
2021-08-06 11:03:50,265 - [jmscript.detail] - INFO - JMScript_Detail object created
2021-08-06 11:03:50,645 - [jmscript.api] - INFO - Widgets created
2021-08-06 11:03:54,339 - [jmscript.detail] - INFO - JMX-file parsed and loaded, xml-tree created
2021-08-06 11:03:55,152 - [jmscript.detail] - INFO - Working directory C:/Users/Public/work/NT/Projects/Calc_Stat/jmProj_dumps/dump_4talk_main_v8_2_06082021_12 created
2021-08-06 11:03:55,152 - [jmscript.detail] - INFO - Run app log to be moved to C:/Users/Public/work/NT/Projects/Calc_Stat/jmProj_dumps/dump_4talk_main_v8_2_06082021_12/jmscript_detail.log
2021-08-06 11:06:27,746 - [jmscript] - INFO - JMSrcipt started
2021-08-06 11:06:28,002 - [jmscript.detail] - INFO - JMScript_Detail object created
2021-08-06 11:06:28,263 - [jmscript.api] - INFO - Widgets created
2021-08-06 11:06:31,926 - [jmscript.detail] - INFO - JMX-file parsed and loaded, xml-tree created
2021-08-06 11:06:32,439 - [jmscript.detail] - INFO - Working directory C:/Users/Public/work/NT/Projects/Calc_Stat/jmProj_dumps/dump_4talk_main_v8_2_06082021_13 created
2021-08-06 11:06:32,440 - [jmscript.detail] - INFO - Run app log to be moved to C:/Users/Public/work/NT/Projects/Calc_Stat/jmProj_dumps/dump_4talk_main_v8_2_06082021_13/jmscript_detail.log
2021-08-06 11:07:08,812 - [jmscript] - INFO - JMSrcipt started
2021-08-06 11:07:09,020 - [jmscript.detail] - INFO - JMScript_Detail object created
2021-08-06 11:07:09,203 - [jmscript.api] - INFO - Widgets created
2021-08-06 11:07:14,218 - [jmscript.detail] - INFO - JMX-file parsed and loaded, xml-tree created
2021-08-06 11:07:15,478 - [jmscript.detail] - INFO - Working directory C:/Users/Public/work/NT/Projects/Calc_Stat/jmProj_dumps/dump_4talk_main_v8_2_06082021_14 created
2021-08-06 11:07:15,478 - [jmscript.detail] - INFO - Run app log to be moved to C:/Users/Public/work/NT/Projects/Calc_Stat/jmProj_dumps/dump_4talk_main_v8_2_06082021_14/jmscript_detail.log
2021-08-06 11:07:52,732 - [jmscript] - INFO - JMSrcipt started
2021-08-06 11:07:53,005 - [jmscript.detail] - INFO - JMScript_Detail object created
2021-08-06 11:07:53,382 - [jmscript.api] - INFO - Widgets created
2021-08-06 11:07:56,331 - [jmscript.detail] - INFO - JMX-file parsed and loaded, xml-tree created
2021-08-06 11:07:57,375 - [jmscript.detail] - INFO - Working directory C:/Users/Public/work/NT/Projects/Calc_Stat/jmProj_dumps/dump_4talk_main_v8_2_06082021_15 created
2021-08-06 11:07:57,375 - [jmscript.detail] - INFO - Run app log to be moved to C:/Users/Public/work/NT/Projects/Calc_Stat/jmProj_dumps/dump_4talk_main_v8_2_06082021_15/jmscript_detail.log
2021-08-06 11:08:47,105 - [jmscript] - INFO - JMSrcipt started
2021-08-06 11:08:47,532 - [jmscript.detail] - INFO - JMScript_Detail object created
2021-08-06 11:08:47,770 - [jmscript.api] - INFO - Widgets created
2021-08-06 11:08:51,840 - [jmscript.detail] - INFO - JMX-file parsed and loaded, xml-tree created
2021-08-06 11:08:52,671 - [jmscript.detail] - INFO - Working directory C:/Users/Public/work/NT/Projects/Calc_Stat/jmProj_dumps/dump_4talk_main_v8_2_06082021_16 created
2021-08-06 11:08:52,672 - [jmscript.detail] - INFO - Run app log to be moved to C:/Users/Public/work/NT/Projects/Calc_Stat/jmProj_dumps/dump_4talk_main_v8_2_06082021_16/jmscript_detail.log
2021-08-06 11:09:50,560 - [jmscript] - INFO - JMSrcipt started
2021-08-06 11:09:50,765 - [jmscript.detail] - INFO - JMScript_Detail object created
2021-08-06 11:09:50,953 - [jmscript.api] - INFO - Widgets created
2021-08-06 11:09:54,143 - [jmscript.detail] - INFO - JMX-file parsed and loaded, xml-tree created
2021-08-06 11:09:54,896 - [jmscript.detail] - INFO - Working directory C:/Users/Public/work/NT/Projects/Calc_Stat/jmProj_dumps/dump_4talk_main_v8_2_06082021_17 created
2021-08-06 11:09:54,896 - [jmscript.detail] - INFO - Run app log to be moved to C:/Users/Public/work/NT/Projects/Calc_Stat/jmProj_dumps/dump_4talk_main_v8_2_06082021_17/jmscript_detail.log
2021-08-06 11:10:35,734 - [jmscript] - INFO - JMSrcipt started
2021-08-06 11:10:36,281 - [jmscript.detail] - INFO - JMScript_Detail object created
2021-08-06 11:10:36,633 - [jmscript.api] - INFO - Widgets created
2021-08-06 11:10:42,063 - [jmscript.detail] - INFO - JMX-file parsed and loaded, xml-tree created
2021-08-06 11:10:43,454 - [jmscript.detail] - INFO - Working directory C:/Users/Public/work/NT/Projects/Calc_Stat/jmProj_dumps/dump_4talk_main_v8_2_06082021_18 created
2021-08-06 11:10:43,455 - [jmscript.detail] - INFO - Run app log to be moved to C:/Users/Public/work/NT/Projects/Calc_Stat/jmProj_dumps/dump_4talk_main_v8_2_06082021_18/jmscript_detail.log
2021-08-06 11:11:23,498 - [jmscript] - INFO - JMSrcipt started
2021-08-06 11:11:24,070 - [jmscript.detail] - INFO - JMScript_Detail object created
2021-08-06 11:11:24,295 - [jmscript.api] - INFO - Widgets created
2021-08-06 11:11:27,794 - [jmscript.detail] - INFO - JMX-file parsed and loaded, xml-tree created
2021-08-06 11:11:28,774 - [jmscript.detail] - INFO - Working directory C:/Users/Public/work/NT/Projects/Calc_Stat/jmProj_dumps/dump_4talk_main_v8_2_06082021_19 created
2021-08-06 11:11:28,774 - [jmscript.detail] - INFO - Run app log to be moved to C:/Users/Public/work/NT/Projects/Calc_Stat/jmProj_dumps/dump_4talk_main_v8_2_06082021_19/jmscript_detail.log
2021-08-06 11:12:02,177 - [jmscript] - INFO - JMSrcipt started
2021-08-06 11:12:02,534 - [jmscript.detail] - INFO - JMScript_Detail object created
2021-08-06 11:12:02,763 - [jmscript.api] - INFO - Widgets created
2021-08-06 11:12:09,712 - [jmscript.detail] - INFO - JMX-file parsed and loaded, xml-tree created
2021-08-06 11:12:10,695 - [jmscript.detail] - INFO - Working directory C:/Users/Public/work/NT/Projects/Calc_Stat/jmProj_dumps/dump_4talk_main_v8_2_06082021_20 created
2021-08-06 11:12:10,695 - [jmscript.detail] - INFO - Run app log to be moved to C:/Users/Public/work/NT/Projects/Calc_Stat/jmProj_dumps/dump_4talk_main_v8_2_06082021_20/jmscript_detail.log
2021-08-06 11:13:26,488 - [jmscript] - INFO - JMSrcipt started
2021-08-06 11:13:26,754 - [jmscript.detail] - INFO - JMScript_Detail object created
2021-08-06 11:13:27,024 - [jmscript.api] - INFO - Widgets created
2021-08-06 11:13:30,991 - [jmscript.detail] - INFO - JMX-file parsed and loaded, xml-tree created
2021-08-06 11:13:31,718 - [jmscript.detail] - INFO - Working directory C:/Users/Public/work/NT/Projects/Calc_Stat/jmProj_dumps/dump_4talk_main_v8_2_06082021_21 created
2021-08-06 11:13:31,718 - [jmscript.detail] - INFO - Run app log to be moved to C:/Users/Public/work/NT/Projects/Calc_Stat/jmProj_dumps/dump_4talk_main_v8_2_06082021_21/jmscript_detail.log
2021-08-06 11:14:40,137 - [jmscript] - INFO - JMSrcipt started
2021-08-06 11:14:40,365 - [jmscript.detail] - INFO - JMScript_Detail object created
2021-08-06 11:14:40,576 - [jmscript.api] - INFO - Widgets created
2021-08-06 11:14:45,262 - [jmscript.detail] - INFO - JMX-file parsed and loaded, xml-tree created
2021-08-06 11:14:46,053 - [jmscript.detail] - INFO - Working directory C:/Users/Public/work/NT/Projects/Calc_Stat/jmProj_dumps/dump_4talk_main_v8_2_06082021_22 created
2021-08-06 11:14:46,053 - [jmscript.detail] - INFO - Run app log to be moved to C:/Users/Public/work/NT/Projects/Calc_Stat/jmProj_dumps/dump_4talk_main_v8_2_06082021_22/jmscript_detail.log
2021-08-06 11:15:57,301 - [jmscript] - INFO - JMSrcipt started
2021-08-06 11:15:57,501 - [jmscript.detail] - INFO - JMScript_Detail object created
2021-08-06 11:15:57,695 - [jmscript.api] - INFO - Widgets created
2021-08-06 11:16:01,768 - [jmscript.detail] - INFO - JMX-file parsed and loaded, xml-tree created
2021-08-06 11:16:06,685 - [jmscript.detail] - INFO - Working directory C:/Users/Public/work/NT/Projects/Calc_Stat/jmProj_dumps/dump_4talk_main_v8_2_06082021_23 created
2021-08-06 11:16:06,686 - [jmscript.detail] - INFO - Run app log to be moved to C:/Users/Public/work/NT/Projects/Calc_Stat/jmProj_dumps/dump_4talk_main_v8_2_06082021_23/jmscript_detail.log
2021-08-06 11:17:18,724 - [jmscript] - INFO - JMSrcipt started
2021-08-06 11:17:18,929 - [jmscript.detail] - INFO - JMScript_Detail object created
2021-08-06 11:17:19,114 - [jmscript.api] - INFO - Widgets created
2021-08-06 11:17:23,266 - [jmscript.detail] - INFO - JMX-file parsed and loaded, xml-tree created
2021-08-06 11:17:23,901 - [jmscript.detail] - INFO - Working directory C:/Users/Public/work/NT/Projects/Calc_Stat/jmProj_dumps/dump_4talk_main_v8_2_06082021_24 created
2021-08-06 11:17:23,902 - [jmscript.detail] - INFO - Run app log to be moved to C:/Users/Public/work/NT/Projects/Calc_Stat/jmProj_dumps/dump_4talk_main_v8_2_06082021_24/jmscript_detail.log
2021-08-06 11:18:07,168 - [jmscript] - INFO - JMSrcipt started
2021-08-06 11:18:07,365 - [jmscript.detail] - INFO - JMScript_Detail object created
2021-08-06 11:18:07,563 - [jmscript.api] - INFO - Widgets created
2021-08-06 11:18:11,085 - [jmscript.detail] - INFO - JMX-file parsed and loaded, xml-tree created
2021-08-06 11:18:12,308 - [jmscript.detail] - INFO - Working directory C:/Users/Public/work/NT/Projects/Calc_Stat/jmProj_dumps/dump_4talk_main_v8_2_06082021_25 created
2021-08-06 11:18:12,309 - [jmscript.detail] - INFO - Run app log to be moved to C:/Users/Public/work/NT/Projects/Calc_Stat/jmProj_dumps/dump_4talk_main_v8_2_06082021_25/jmscript_detail.log
2021-08-06 11:31:14,780 - [jmscript] - INFO - JMSrcipt started
2021-08-06 11:31:15,011 - [jmscript.detail] - INFO - JMScript_Detail object created
2021-08-06 11:31:15,217 - [jmscript.api] - INFO - Widgets created
2021-08-06 11:31:21,591 - [jmscript.detail] - INFO - JMX-file parsed and loaded, xml-tree created
2021-08-06 11:31:22,201 - [jmscript.detail] - INFO - Working directory C:/Users/Public/work/NT/Projects/Calc_Stat/jmProj_dumps/dump_4talk_main_v8_2_06082021_26 created
2021-08-06 11:31:22,201 - [jmscript.detail] - INFO - Run app log to be moved to C:/Users/Public/work/NT/Projects/Calc_Stat/jmProj_dumps/dump_4talk_main_v8_2_06082021_26/jmscript_detail.log
2021-08-06 11:32:30,679 - [jmscript] - INFO - JMSrcipt started
2021-08-06 11:32:30,901 - [jmscript.detail] - INFO - JMScript_Detail object created
2021-08-06 11:32:31,092 - [jmscript.api] - INFO - Widgets created
2021-08-06 11:32:34,794 - [jmscript.detail] - INFO - JMX-file parsed and loaded, xml-tree created
2021-08-06 11:32:36,018 - [jmscript.detail] - INFO - Working directory C:/Users/Public/work/NT/Projects/Calc_Stat/jmProj_dumps/dump_4talk_main_v8_2_06082021_27 created
2021-08-06 11:32:36,018 - [jmscript.detail] - INFO - Run app log to be moved to C:/Users/Public/work/NT/Projects/Calc_Stat/jmProj_dumps/dump_4talk_main_v8_2_06082021_27/jmscript_detail.log
2021-08-06 11:36:14,920 - [jmscript] - INFO - JMSrcipt started
2021-08-06 11:36:15,147 - [jmscript.detail] - INFO - JMScript_Detail object created
2021-08-06 11:36:15,383 - [jmscript.api] - INFO - Widgets created
2021-08-06 11:36:18,149 - [jmscript.detail] - INFO - JMX-file parsed and loaded, xml-tree created
2021-08-06 11:36:19,505 - [jmscript.detail] - INFO - Working directory C:/Users/Public/work/NT/Projects/Calc_Stat/jmProj_dumps/dump_4talk_main_v8_2_06082021_28 created
2021-08-06 11:36:19,505 - [jmscript.detail] - INFO - Run app log to be moved to C:/Users/Public/work/NT/Projects/Calc_Stat/jmProj_dumps/dump_4talk_main_v8_2_06082021_28/jmscript_detail.log
2021-08-06 11:37:23,640 - [jmscript] - INFO - JMSrcipt started
2021-08-06 11:37:23,851 - [jmscript.detail] - INFO - JMScript_Detail object created
2021-08-06 11:37:24,064 - [jmscript.api] - INFO - Widgets created
2021-08-06 11:37:27,451 - [jmscript.detail] - INFO - JMX-file parsed and loaded, xml-tree created
2021-08-06 11:37:29,168 - [jmscript.detail] - INFO - Working directory C:/Users/Public/work/NT/Projects/Calc_Stat/jmProj_dumps/dump_4talk_main_v8_2_06082021_29 created
2021-08-06 11:37:29,168 - [jmscript.detail] - INFO - Run app log to be moved to C:/Users/Public/work/NT/Projects/Calc_Stat/jmProj_dumps/dump_4talk_main_v8_2_06082021_29/jmscript_detail.log
2021-08-06 11:41:13,925 - [jmscript] - INFO - JMSrcipt started
2021-08-06 11:41:14,144 - [jmscript.detail] - INFO - JMScript_Detail object created
2021-08-06 11:41:14,330 - [jmscript.api] - INFO - Widgets created
2021-08-06 11:41:18,208 - [jmscript.detail] - INFO - JMX-file parsed and loaded, xml-tree created
2021-08-06 11:41:20,175 - [jmscript.detail] - INFO - Working directory C:/Users/Public/work/NT/Projects/Calc_Stat/jmProj_dumps/dump_4talk_main_v8_2_06082021_30 created
2021-08-06 11:41:20,175 - [jmscript.detail] - INFO - Run app log to be moved to C:/Users/Public/work/NT/Projects/Calc_Stat/jmProj_dumps/dump_4talk_main_v8_2_06082021_30/jmscript_detail.log
2021-08-06 11:47:04,019 - [jmscript] - INFO - JMSrcipt started
2021-08-06 11:47:04,223 - [jmscript.detail] - INFO - JMScript_Detail object created
2021-08-06 11:47:04,422 - [jmscript.api] - INFO - Widgets created
2021-08-06 11:47:07,645 - [jmscript.detail] - INFO - JMX-file parsed and loaded, xml-tree created
2021-08-06 11:47:09,556 - [jmscript.detail] - INFO - Working directory C:/Users/Public/work/NT/Projects/Calc_Stat/jmProj_dumps/dump_4talk_main_v8_2_06082021_31 created
2021-08-06 11:47:09,556 - [jmscript.detail] - INFO - Run app log to be moved to C:/Users/Public/work/NT/Projects/Calc_Stat/jmProj_dumps/dump_4talk_main_v8_2_06082021_31/jmscript_detail.log
2021-08-06 11:48:13,721 - [jmscript] - INFO - JMSrcipt started
2021-08-06 11:48:14,061 - [jmscript.detail] - INFO - JMScript_Detail object created
2021-08-06 11:48:14,357 - [jmscript.api] - INFO - Widgets created
2021-08-06 11:48:17,776 - [jmscript.detail] - INFO - JMX-file parsed and loaded, xml-tree created
2021-08-06 11:48:19,292 - [jmscript.detail] - INFO - Working directory C:/Users/Public/work/NT/Projects/Calc_Stat/jmProj_dumps/dump_4talk_main_v8_2_06082021_32 created
2021-08-06 11:48:19,292 - [jmscript.detail] - INFO - Run app log to be moved to C:/Users/Public/work/NT/Projects/Calc_Stat/jmProj_dumps/dump_4talk_main_v8_2_06082021_32/jmscript_detail.log
2021-08-06 11:53:56,468 - [jmscript] - INFO - JMSrcipt started
2021-08-06 11:53:56,728 - [jmscript.detail] - INFO - JMScript_Detail object created
2021-08-06 11:53:56,946 - [jmscript.api] - INFO - Widgets created
2021-08-06 11:54:00,617 - [jmscript.detail] - INFO - JMX-file parsed and loaded, xml-tree created
2021-08-06 11:54:09,642 - [jmscript.detail] - INFO - Working directory C:/Users/Public/work/NT/Projects/Calc_Stat/jmProj_dumps/dump_4talk_main_v8_2_06082021_33 created
2021-08-06 11:54:09,642 - [jmscript.detail] - INFO - Run app log to be moved to C:/Users/Public/work/NT/Projects/Calc_Stat/jmProj_dumps/dump_4talk_main_v8_2_06082021_33/jmscript_detail.log
2021-08-06 11:56:29,837 - [jmscript] - INFO - JMSrcipt started
2021-08-06 11:56:30,045 - [jmscript.detail] - INFO - JMScript_Detail object created
2021-08-06 11:56:30,235 - [jmscript.api] - INFO - Widgets created
2021-08-06 11:57:42,760 - [jmscript] - INFO - JMSrcipt started
2021-08-06 11:57:42,981 - [jmscript.detail] - INFO - JMScript_Detail object created
2021-08-06 11:57:43,186 - [jmscript.api] - INFO - Widgets created
2021-08-06 11:58:01,201 - [jmscript.detail] - INFO - JMX-file parsed and loaded, xml-tree created
2021-08-06 11:58:04,401 - [jmscript.detail] - INFO - Working directory C:/Users/Public/work/NT/Projects/Calc_Stat/jmProj_dumps/dump_4talk_main_v8_2_06082021_34 created
2021-08-06 11:58:04,401 - [jmscript.detail] - INFO - Run app log to be moved to C:/Users/Public/work/NT/Projects/Calc_Stat/jmProj_dumps/dump_4talk_main_v8_2_06082021_34/jmscript_detail.log
2021-08-06 12:02:23,840 - [jmscript] - INFO - JMSrcipt started
2021-08-06 12:02:24,162 - [jmscript.detail] - INFO - JMScript_Detail object created
2021-08-06 12:02:24,374 - [jmscript.api] - INFO - Widgets created
2021-08-06 12:02:45,945 - [jmscript.detail] - INFO - JMX-file parsed and loaded, xml-tree created
2021-08-06 12:02:50,471 - [jmscript.detail] - INFO - Working directory C:/Users/Public/work/NT/Projects/Calc_Stat/jmProj_dumps/dump_4talk_main_v8_2_06082021_35 created
2021-08-06 12:02:50,471 - [jmscript.detail] - INFO - Run app log to be moved to C:/Users/Public/work/NT/Projects/Calc_Stat/jmProj_dumps/dump_4talk_main_v8_2_06082021_35/jmscript_detail.log
2021-08-06 12:09:28,021 - [jmscript] - INFO - JMSrcipt started
2021-08-06 12:09:28,558 - [jmscript.detail] - INFO - JMScript_Detail object created
2021-08-06 12:09:28,802 - [jmscript.api] - INFO - Widgets created
2021-08-06 12:09:32,943 - [jmscript.detail] - INFO - JMX-file parsed and loaded, xml-tree created
2021-08-06 12:09:34,862 - [jmscript.detail] - INFO - Working directory C:/Users/Public/work/NT/Projects/Calc_Stat/jmProj_dumps/dump_4talk_main_v8_2_06082021_36 created
2021-08-06 12:09:34,863 - [jmscript.detail] - INFO - Run app log to be moved to C:/Users/Public/work/NT/Projects/Calc_Stat/jmProj_dumps/dump_4talk_main_v8_2_06082021_36/jmscript_detail.log
2021-08-06 12:11:08,715 - [jmscript] - INFO - JMSrcipt started
2021-08-06 12:11:08,940 - [jmscript.detail] - INFO - JMScript_Detail object created
2021-08-06 12:11:09,133 - [jmscript.api] - INFO - Widgets created
2021-08-06 12:11:12,625 - [jmscript.detail] - INFO - JMX-file parsed and loaded, xml-tree created
2021-08-06 12:11:13,246 - [jmscript.detail] - INFO - Working directory C:/Users/Public/work/NT/Projects/Calc_Stat/jmProj_dumps/dump_4talk_main_v8_2_06082021_37 created
2021-08-06 12:11:13,246 - [jmscript.detail] - INFO - Run app log to be moved to C:/Users/Public/work/NT/Projects/Calc_Stat/jmProj_dumps/dump_4talk_main_v8_2_06082021_37/jmscript_detail.log
2021-08-06 12:12:58,765 - [jmscript] - INFO - JMSrcipt started
2021-08-06 12:12:58,972 - [jmscript.detail] - INFO - JMScript_Detail object created
2021-08-06 12:12:59,172 - [jmscript.api] - INFO - Widgets created
2021-08-06 12:13:19,067 - [jmscript.detail] - INFO - JMX-file parsed and loaded, xml-tree created
2021-08-06 12:13:21,661 - [jmscript.detail] - INFO - Working directory C:/Users/Public/work/NT/Projects/Calc_Stat/jmProj_dumps/dump_4talk_main_v8_2_06082021_38 created
2021-08-06 12:13:21,661 - [jmscript.detail] - INFO - Run app log to be moved to C:/Users/Public/work/NT/Projects/Calc_Stat/jmProj_dumps/dump_4talk_main_v8_2_06082021_38/jmscript_detail.log
2021-08-06 12:14:27,651 - [jmscript] - INFO - JMSrcipt started
2021-08-06 12:14:27,933 - [jmscript.detail] - INFO - JMScript_Detail object created
2021-08-06 12:14:28,169 - [jmscript.api] - INFO - Widgets created
2021-08-06 12:14:32,421 - [jmscript.detail] - INFO - JMX-file parsed and loaded, xml-tree created
2021-08-06 12:14:36,892 - [jmscript.detail] - INFO - Working directory C:/Users/Public/work/NT/Projects/Calc_Stat/jmProj_dumps/dump_4talk_main_v8_2_06082021_39 created
2021-08-06 12:14:36,892 - [jmscript.detail] - INFO - Run app log to be moved to C:/Users/Public/work/NT/Projects/Calc_Stat/jmProj_dumps/dump_4talk_main_v8_2_06082021_39/jmscript_detail.log
2021-08-06 12:17:09,929 - [jmscript] - INFO - JMSrcipt started
2021-08-06 12:17:10,193 - [jmscript.detail] - INFO - JMScript_Detail object created
2021-08-06 12:17:10,364 - [jmscript.api] - INFO - Widgets created
2021-08-06 12:17:13,964 - [jmscript.detail] - INFO - JMX-file parsed and loaded, xml-tree created
2021-08-06 12:17:15,539 - [jmscript.detail] - INFO - Working directory C:/Users/Public/work/NT/Projects/Calc_Stat/jmProj_dumps/dump_4talk_main_v8_2_06082021_40 created
2021-08-06 12:17:15,539 - [jmscript.detail] - INFO - Run app log to be moved to C:/Users/Public/work/NT/Projects/Calc_Stat/jmProj_dumps/dump_4talk_main_v8_2_06082021_40/jmscript_detail.log
2021-08-06 12:27:20,683 - [jmscript] - INFO - JMSrcipt started
2021-08-06 12:27:20,916 - [jmscript.detail] - INFO - JMScript_Detail object created
2021-08-06 12:27:21,131 - [jmscript.api] - INFO - Widgets created
2021-08-06 12:27:25,721 - [jmscript.detail] - INFO - JMX-file parsed and loaded, xml-tree created
2021-08-06 12:27:26,681 - [jmscript.detail] - INFO - Working directory C:/Users/Public/work/NT/Projects/Calc_Stat/jmProj_dumps/dump_4talk_main_v8_2_06082021_41 created
2021-08-06 12:27:26,681 - [jmscript.detail] - INFO - Run app log to be moved to C:/Users/Public/work/NT/Projects/Calc_Stat/jmProj_dumps/dump_4talk_main_v8_2_06082021_41/jmscript_detail.log
2021-08-06 12:28:11,292 - [jmscript] - INFO - JMSrcipt started
2021-08-06 12:28:11,510 - [jmscript.detail] - INFO - JMScript_Detail object created
2021-08-06 12:28:11,716 - [jmscript.api] - INFO - Widgets created
2021-08-06 12:28:15,116 - [jmscript.detail] - INFO - JMX-file parsed and loaded, xml-tree created
2021-08-06 12:28:17,777 - [jmscript.detail] - INFO - Working directory C:/Users/Public/work/NT/Projects/Calc_Stat/jmProj_dumps/dump_4talk_main_v8_2_06082021_42 created
2021-08-06 12:28:17,777 - [jmscript.detail] - INFO - Run app log to be moved to C:/Users/Public/work/NT/Projects/Calc_Stat/jmProj_dumps/dump_4talk_main_v8_2_06082021_42/jmscript_detail.log
2021-08-06 12:29:50,307 - [jmscript] - INFO - JMSrcipt started
2021-08-06 12:29:50,514 - [jmscript.detail] - INFO - JMScript_Detail object created
2021-08-06 12:29:50,720 - [jmscript.api] - INFO - Widgets created
2021-08-06 12:30:16,320 - [jmscript.detail] - INFO - JMX-file parsed and loaded, xml-tree created
2021-08-06 12:30:17,505 - [jmscript.detail] - INFO - Working directory C:/Users/Public/work/NT/Projects/Calc_Stat/jmProj_dumps/dump_4talk_main_v8_2_06082021_43 created
2021-08-06 12:30:17,505 - [jmscript.detail] - INFO - Run app log to be moved to C:/Users/Public/work/NT/Projects/Calc_Stat/jmProj_dumps/dump_4talk_main_v8_2_06082021_43/jmscript_detail.log
2021-08-06 12:36:56,284 - [jmscript] - INFO - JMSrcipt started
2021-08-06 12:36:56,522 - [jmscript.detail] - INFO - JMScript_Detail object created
2021-08-06 12:36:56,768 - [jmscript.api] - INFO - Widgets created
2021-08-06 12:37:07,249 - [jmscript.detail] - INFO - JMX-file parsed and loaded, xml-tree created
2021-08-06 12:37:08,390 - [jmscript.detail] - INFO - Working directory C:/Users/Public/work/NT/Projects/Calc_Stat/jmProj_dumps/dump_4talk_main_v8_2_06082021_44 created
2021-08-06 12:37:08,391 - [jmscript.detail] - INFO - Run app log to be moved to C:/Users/Public/work/NT/Projects/Calc_Stat/jmProj_dumps/dump_4talk_main_v8_2_06082021_44/jmscript_detail.log
2021-08-06 12:37:34,406 - [jmscript] - INFO - JMSrcipt started
2021-08-06 12:37:34,634 - [jmscript.detail] - INFO - JMScript_Detail object created
2021-08-06 12:37:34,844 - [jmscript.api] - INFO - Widgets created
2021-08-06 12:37:38,531 - [jmscript.detail] - INFO - JMX-file parsed and loaded, xml-tree created
2021-08-06 12:37:39,200 - [jmscript.detail] - INFO - Working directory C:/Users/Public/work/NT/Projects/Calc_Stat/jmProj_dumps/dump_4talk_main_v8_2_06082021_45 created
2021-08-06 12:37:39,200 - [jmscript.detail] - INFO - Run app log to be moved to C:/Users/Public/work/NT/Projects/Calc_Stat/jmProj_dumps/dump_4talk_main_v8_2_06082021_45/jmscript_detail.log
2021-08-06 12:39:03,713 - [jmscript] - INFO - JMSrcipt started
2021-08-06 12:39:03,922 - [jmscript.detail] - INFO - JMScript_Detail object created
2021-08-06 12:39:04,125 - [jmscript.api] - INFO - Widgets created
2021-08-06 12:39:28,534 - [jmscript] - INFO - JMSrcipt started
2021-08-06 12:39:28,806 - [jmscript.detail] - INFO - JMScript_Detail object created
2021-08-06 12:39:29,043 - [jmscript.api] - INFO - Widgets created
2021-08-06 12:39:32,840 - [jmscript.detail] - INFO - JMX-file parsed and loaded, xml-tree created
2021-08-06 12:39:34,110 - [jmscript.detail] - INFO - Working directory C:/Users/Public/work/NT/Projects/Calc_Stat/jmProj_dumps/dump_4talk_main_v8_2_06082021_46 created
2021-08-06 12:39:34,110 - [jmscript.detail] - INFO - Run app log to be moved to C:/Users/Public/work/NT/Projects/Calc_Stat/jmProj_dumps/dump_4talk_main_v8_2_06082021_46/jmscript_detail.log
2021-08-06 12:44:29,333 - [jmscript] - INFO - JMSrcipt started
2021-08-06 12:44:29,542 - [jmscript.detail] - INFO - JMScript_Detail object created
2021-08-06 12:44:29,765 - [jmscript.api] - INFO - Widgets created
2021-08-06 12:44:35,733 - [jmscript.detail] - INFO - JMX-file parsed and loaded, xml-tree created
2021-08-06 12:44:36,844 - [jmscript.detail] - INFO - Working directory C:/Users/Public/work/NT/Projects/Calc_Stat/jmProj_dumps/dump_4talk_main_v8_2_06082021_47 created
2021-08-06 12:44:36,844 - [jmscript.detail] - INFO - Run app log to be moved to C:/Users/Public/work/NT/Projects/Calc_Stat/jmProj_dumps/dump_4talk_main_v8_2_06082021_47/jmscript_detail.log
2021-08-06 12:45:51,779 - [jmscript] - INFO - JMSrcipt started
2021-08-06 12:45:52,201 - [jmscript.detail] - INFO - JMScript_Detail object created
2021-08-06 12:45:52,459 - [jmscript.api] - INFO - Widgets created
2021-08-06 12:45:55,613 - [jmscript.detail] - INFO - JMX-file parsed and loaded, xml-tree created
2021-08-06 12:45:56,307 - [jmscript.detail] - INFO - Working directory C:/Users/Public/work/NT/Projects/Calc_Stat/jmProj_dumps/dump_4talk_main_v8_2_06082021_48 created
2021-08-06 12:45:56,308 - [jmscript.detail] - INFO - Run app log to be moved to C:/Users/Public/work/NT/Projects/Calc_Stat/jmProj_dumps/dump_4talk_main_v8_2_06082021_48/jmscript_detail.log
2021-08-06 12:46:42,164 - [jmscript] - INFO - JMSrcipt started
2021-08-06 12:46:42,451 - [jmscript.detail] - INFO - JMScript_Detail object created
2021-08-06 12:46:42,703 - [jmscript.api] - INFO - Widgets created
2021-08-06 12:46:46,109 - [jmscript.detail] - INFO - JMX-file parsed and loaded, xml-tree created
2021-08-06 12:46:48,036 - [jmscript.detail] - INFO - Working directory C:/Users/Public/work/NT/Projects/Calc_Stat/jmProj_dumps/dump_4talk_main_v8_2_06082021_49 created
2021-08-06 12:46:48,036 - [jmscript.detail] - INFO - Run app log to be moved to C:/Users/Public/work/NT/Projects/Calc_Stat/jmProj_dumps/dump_4talk_main_v8_2_06082021_49/jmscript_detail.log
2021-08-06 12:49:32,573 - [jmscript] - INFO - JMSrcipt started
2021-08-06 12:49:32,862 - [jmscript.detail] - INFO - JMScript_Detail object created
2021-08-06 12:49:33,091 - [jmscript.api] - INFO - Widgets created
2021-08-06 12:49:37,085 - [jmscript.detail] - INFO - JMX-file parsed and loaded, xml-tree created
2021-08-06 12:49:40,866 - [jmscript.detail] - INFO - Working directory C:/Users/Public/work/NT/Projects/Calc_Stat/jmProj_dumps/dump_4talk_main_v8_2_06082021_50 created
2021-08-06 12:49:40,866 - [jmscript.detail] - INFO - Run app log to be moved to C:/Users/Public/work/NT/Projects/Calc_Stat/jmProj_dumps/dump_4talk_main_v8_2_06082021_50/jmscript_detail.log
2021-08-06 12:51:11,624 - [jmscript] - INFO - JMSrcipt started
2021-08-06 12:51:11,854 - [jmscript.detail] - INFO - JMScript_Detail object created
2021-08-06 12:51:12,079 - [jmscript.api] - INFO - Widgets created
2021-08-06 12:51:15,955 - [jmscript.detail] - INFO - JMX-file parsed and loaded, xml-tree created
2021-08-06 12:51:17,186 - [jmscript.detail] - INFO - Working directory C:/Users/Public/work/NT/Projects/Calc_Stat/jmProj_dumps/dump_4talk_main_v8_2_06082021_51 created
2021-08-06 12:51:17,186 - [jmscript.detail] - INFO - Run app log to be moved to C:/Users/Public/work/NT/Projects/Calc_Stat/jmProj_dumps/dump_4talk_main_v8_2_06082021_51/jmscript_detail.log
2021-08-06 12:55:12,101 - [jmscript] - INFO - JMSrcipt started
2021-08-06 12:55:12,355 - [jmscript.detail] - INFO - JMScript_Detail object created
2021-08-06 12:55:12,578 - [jmscript.api] - INFO - Widgets created
2021-08-06 12:55:16,234 - [jmscript.detail] - INFO - JMX-file parsed and loaded, xml-tree created
2021-08-06 12:55:18,163 - [jmscript.detail] - INFO - Working directory C:/Users/Public/work/NT/Projects/Calc_Stat/jmProj_dumps/dump_4talk_main_v8_2_06082021_52 created
2021-08-06 12:55:18,163 - [jmscript.detail] - INFO - Run app log to be moved to C:/Users/Public/work/NT/Projects/Calc_Stat/jmProj_dumps/dump_4talk_main_v8_2_06082021_52/jmscript_detail.log
2021-08-06 12:55:38,747 - [jmscript] - INFO - JMSrcipt started
2021-08-06 12:55:39,228 - [jmscript.detail] - INFO - JMScript_Detail object created
2021-08-06 12:55:39,444 - [jmscript.api] - INFO - Widgets created
2021-08-06 12:55:42,562 - [jmscript.detail] - INFO - JMX-file parsed and loaded, xml-tree created
2021-08-06 12:55:44,705 - [jmscript.detail] - INFO - Working directory C:/Users/Public/work/NT/Projects/Calc_Stat/jmProj_dumps/dump_4talk_main_v8_2_06082021_53 created
2021-08-06 12:55:44,705 - [jmscript.detail] - INFO - Run app log to be moved to C:/Users/Public/work/NT/Projects/Calc_Stat/jmProj_dumps/dump_4talk_main_v8_2_06082021_53/jmscript_detail.log
2021-08-06 13:07:00,933 - [jmscript] - INFO - JMSrcipt started
2021-08-06 13:07:01,316 - [jmscript.detail] - INFO - JMScript_Detail object created
2021-08-06 13:07:01,512 - [jmscript.api] - INFO - Widgets created
2021-08-06 13:07:04,409 - [jmscript.detail] - INFO - JMX-file parsed and loaded, xml-tree created
2021-08-06 13:07:05,272 - [jmscript.detail] - INFO - Working directory C:/Users/Public/work/NT/Projects/Calc_Stat/jmProj_dumps/dump_4talk_main_v8_2_06082021_54 created
2021-08-06 13:07:05,272 - [jmscript.detail] - INFO - Run app log to be moved to C:/Users/Public/work/NT/Projects/Calc_Stat/jmProj_dumps/dump_4talk_main_v8_2_06082021_54/jmscript_detail.log
2021-08-06 13:08:00,153 - [jmscript] - INFO - JMSrcipt started
2021-08-06 13:08:00,623 - [jmscript.detail] - INFO - JMScript_Detail object created
2021-08-06 13:08:01,077 - [jmscript.api] - INFO - Widgets created
2021-08-06 13:08:04,071 - [jmscript.detail] - INFO - JMX-file parsed and loaded, xml-tree created
2021-08-06 13:08:04,869 - [jmscript.detail] - INFO - Working directory C:/Users/Public/work/NT/Projects/Calc_Stat/jmProj_dumps/dump_4talk_main_v8_2_06082021_55 created
2021-08-06 13:08:04,870 - [jmscript.detail] - INFO - Run app log to be moved to C:/Users/Public/work/NT/Projects/Calc_Stat/jmProj_dumps/dump_4talk_main_v8_2_06082021_55/jmscript_detail.log
2021-08-06 13:08:59,870 - [jmscript] - INFO - JMSrcipt started
2021-08-06 13:09:00,085 - [jmscript.detail] - INFO - JMScript_Detail object created
2021-08-06 13:09:00,273 - [jmscript.api] - INFO - Widgets created
2021-08-06 13:09:03,462 - [jmscript.detail] - INFO - JMX-file parsed and loaded, xml-tree created
2021-08-06 13:09:04,038 - [jmscript.detail] - INFO - Working directory C:/Users/Public/work/NT/Projects/Calc_Stat/jmProj_dumps/dump_4talk_main_v8_2_06082021_56 created
2021-08-06 13:09:04,038 - [jmscript.detail] - INFO - Run app log to be moved to C:/Users/Public/work/NT/Projects/Calc_Stat/jmProj_dumps/dump_4talk_main_v8_2_06082021_56/jmscript_detail.log
2021-08-06 13:12:37,753 - [jmscript] - INFO - JMSrcipt started
2021-08-06 13:12:38,169 - [jmscript.detail] - INFO - JMScript_Detail object created
2021-08-06 13:12:38,443 - [jmscript.api] - INFO - Widgets created
2021-08-06 13:12:49,498 - [jmscript.detail] - INFO - JMX-file parsed and loaded, xml-tree created
2021-08-06 13:12:50,612 - [jmscript.detail] - INFO - Working directory C:/Users/Public/work/NT/Projects/Calc_Stat/jmProj_dumps/dump_4talk_main_v8_2_06082021_57 created
2021-08-06 13:12:50,612 - [jmscript.detail] - INFO - Run app log to be moved to C:/Users/Public/work/NT/Projects/Calc_Stat/jmProj_dumps/dump_4talk_main_v8_2_06082021_57/jmscript_detail.log
